hTCPromotorSMTools/build/outputs/logs/manifest-merger-debug-report.txt
-- Merging decision tree log ---
manifest
ADDED from src\main\AndroidManifest.xml:2:1-185:12
	package
		ADDED from src\main\AndroidManifest.xml:4:5-31
		INJECTED from src\main\AndroidManifest.xml
		INJECTED from src\main\AndroidManifest.xml
	android:versionName
		ADDED from src\main\AndroidManifest.xml:6:5-30
	xmlns:tools
		ADDED from src\main\AndroidManifest.xml:3:5-51
	android:versionCode
		ADDED from src\main\AndroidManifest.xml:5:5-28
		INJECTED from src\main\AndroidManifest.xml
		INJECTED from src\main\AndroidManifest.xml
	xmlns:android
		ADDED from src\main\AndroidManifest.xml:2:11-69
uses-sdk
ADDED from src\main\AndroidManifest.xml:8:5-11:41
MERGED from [RCS-SA:libraryBlasteringLibrary:unspecified] AndroidManifest.xml:7:5-9:41
MERGED from [com.android.support:support-v4:23.1.1] AndroidManifest.xml:20:5-43
MERGED from [RCS-SA:libraryCircularImageView:unspecified] AndroidManifest.xml:7:5-9:41
MERGED from [RCS-SA:libraryAndroidQuickResponseCode:unspecified] AndroidManifest.xml:7:5-9:40
MERGED from [com.android.support:support-v4:23.1.1] AndroidManifest.xml:20:5-43
MERGED from [com.android.support:appcompat-v7:21.0.3] AndroidManifest.xml:15:5-42
MERGED from [com.android.support:support-v4:23.1.1] AndroidManifest.xml:20:5-43
MERGED from [com.android.support:cardview-v7:23.1.1] AndroidManifest.xml:20:5-43
MERGED from [com.android.support:recyclerview-v7:23.1.1] AndroidManifest.xml:20:5-43
MERGED from [com.android.support:support-v4:23.1.1] AndroidManifest.xml:20:5-43
	tools:overrideLibrary
		ADDED from src\main\AndroidManifest.xml:10:9-113
	android:targetSdkVersion
		ADDED from src\main\AndroidManifest.xml:11:9-38
		INJECTED from src\main\AndroidManifest.xml
		INJECTED from src\main\AndroidManifest.xml
	android:minSdkVersion
		ADDED from src\main\AndroidManifest.xml:9:9-35
		INJECTED from src\main\AndroidManifest.xml
		INJECTED from src\main\AndroidManifest.xml
uses-feature#android.hardware.camera.autofocus
ADDED from src\main\AndroidManifest.xml:13:5-15:36
MERGED from [RCS-SA:libraryAndroidQuickResponseCode:unspecified] AndroidManifest.xml:12:5-14:36
	android:required
		ADDED from src\main\AndroidManifest.xml:15:9-33
	android:name
		ADDED from src\main\AndroidManifest.xml:14:9-57
uses-feature#android.hardware.touchscreen
ADDED from src\main\AndroidManifest.xml:16:5-18:36
MERGED from [RCS-SA:libraryAndroidQuickResponseCode:unspecified] AndroidManifest.xml:15:5-17:36
	android:required
		ADDED from src\main\AndroidManifest.xml:18:9-33
	android:name
		ADDED from src\main\AndroidManifest.xml:17:9-52
uses-permission#android.permission.ACCESS_MOCK_LOCATION
ADDED from src\main\AndroidManifest.xml:20:5-79
	android:name
		ADDED from src\main\AndroidManifest.xml:20:22-76
uses-permission#android.permission.CALL_PHONE
ADDED from src\main\AndroidManifest.xml:21:5-69
	android:name
		ADDED from src\main\AndroidManifest.xml:21:22-66
uses-permission#android.permission.READ_PHONE_STATE
ADDED from src\main\AndroidManifest.xml:23:5-75
	android:name
		ADDED from src\main\AndroidManifest.xml:23:22-72
uses-permission#android.permission.ACCESS_NETWORK_STATE
ADDED from src\main\AndroidManifest.xml:25:5-79
	android:name
		ADDED from src\main\AndroidManifest.xml:25:22-76
uses-permission#android.permission.WRITE_EXTERNAL_STORAGE
ADDED from src\main\AndroidManifest.xml:27:5-80
	android:name
		ADDED from src\main\AndroidManifest.xml:27:22-78
uses-permission#android.permission.ACCESS_FINE_LOCATION
ADDED from src\main\AndroidManifest.xml:28:5-78
	android:name
		ADDED from src\main\AndroidManifest.xml:28:22-76
uses-permission#android.permission.ACCESS_COARSE_LOCATION
ADDED from src\main\AndroidManifest.xml:29:5-80
	android:name
		ADDED from src\main\AndroidManifest.xml:29:22-78
uses-permission#android.permission.CAMERA
ADDED from src\main\AndroidManifest.xml:30:5-64
MERGED from [RCS-SA:libraryAndroidQuickResponseCode:unspecified] AndroidManifest.xml:19:5-65
	android:name
		ADDED from src\main\AndroidManifest.xml:30:22-62
uses-permission#android.permission.INTERNET
ADDED from src\main\AndroidManifest.xml:31:5-66
	android:name
		ADDED from src\main\AndroidManifest.xml:31:22-64
uses-permission#android.permission.RECEIVE_BOOT_COMPLETED
ADDED from src\main\AndroidManifest.xml:32:5-80
	android:name
		ADDED from src\main\AndroidManifest.xml:32:22-78
application
ADDED from src\main\AndroidManifest.xml:34:5-183:19
MERGED from [com.android.support:support-v4:23.1.1] AndroidManifest.xml:22:5-20
MERGED from [com.android.support:support-v4:23.1.1] AndroidManifest.xml:22:5-20
MERGED from [com.android.support:appcompat-v7:21.0.3] AndroidManifest.xml:16:5-19
MERGED from [com.android.support:support-v4:23.1.1] AndroidManifest.xml:22:5-20
MERGED from [com.android.support:cardview-v7:23.1.1] AndroidManifest.xml:22:5-20
MERGED from [com.android.support:support-v4:23.1.1] AndroidManifest.xml:22:5-20
	android:label
		ADDED from src\main\AndroidManifest.xml:37:9-41
	android:allowBackup
		ADDED from src\main\AndroidManifest.xml:35:9-35
	android:icon
		ADDED from src\main\AndroidManifest.xml:36:9-45
activity#id.tech.htctools.Splashscreen_Activity
ADDED from src\main\AndroidManifest.xml:39:9-48:20
	android:screenOrientation
		ADDED from src\main\AndroidManifest.xml:41:13-49
	android:label
		ADDED from src\main\AndroidManifest.xml:42:13-45
	android:name
		ADDED from src\main\AndroidManifest.xml:40:13-66
intent-filter#android.intent.action.MAIN+android.intent.category.LAUNCHER
ADDED from src\main\AndroidManifest.xml:43:13-47:29
action#android.intent.action.MAIN
ADDED from src\main\AndroidManifest.xml:44:17-69
	android:name
		ADDED from src\main\AndroidManifest.xml:44:25-66
category#android.intent.category.LAUNCHER
ADDED from src\main\AndroidManifest.xml:46:17-77
	android:name
		ADDED from src\main\AndroidManifest.xml:46:27-74
activity#id.tech.htctools.Test_Swipe
ADDED from src\main\AndroidManifest.xml:52:9-55:61
	android:screenOrientation
		ADDED from src\main\AndroidManifest.xml:55:13-49
	android:theme
		ADDED from src\main\AndroidManifest.xml:54:13-48
	android:name
		ADDED from src\main\AndroidManifest.xml:53:13-55
activity#id.tech.htctools.MenuUtama_Activity
ADDED from src\main\AndroidManifest.xml:57:9-60:61
	android:screenOrientation
		ADDED from src\main\AndroidManifest.xml:60:13-49
	android:theme
		ADDED from src\main\AndroidManifest.xml:59:13-48
	android:name
		ADDED from src\main\AndroidManifest.xml:58:13-63
activity#id.tech.htctools.MenuUtama_WP
ADDED from src\main\AndroidManifest.xml:62:9-65:61
	android:screenOrientation
		ADDED from src\main\AndroidManifest.xml:65:13-49
	android:theme
		ADDED from src\main\AndroidManifest.xml:64:13-58
	android:name
		ADDED from src\main\AndroidManifest.xml:63:13-57
activity#id.tech.htctools.Login_Activity
ADDED from src\main\AndroidManifest.xml:67:9-70:61
	android:screenOrientation
		ADDED from src\main\AndroidManifest.xml:70:13-49
	android:theme
		ADDED from src\main\AndroidManifest.xml:69:13-48
	android:name
		ADDED from src\main\AndroidManifest.xml:68:13-59
activity#id.tech.htctools.Issue_Activity
ADDED from src\main\AndroidManifest.xml:72:9-75:61
	android:screenOrientation
		ADDED from src\main\AndroidManifest.xml:75:13-49
	android:theme
		ADDED from src\main\AndroidManifest.xml:74:13-48
	android:name
		ADDED from src\main\AndroidManifest.xml:73:13-59
activity#id.tech.htctools.UpdateBranding_Activity
ADDED from src\main\AndroidManifest.xml:77:9-80:61
	android:screenOrientation
		ADDED from src\main\AndroidManifest.xml:80:13-49
	android:theme
		ADDED from src\main\AndroidManifest.xml:79:13-48
	android:name
		ADDED from src\main\AndroidManifest.xml:78:13-68
activity#id.tech.htctools.CekProduk_Activity
ADDED from src\main\AndroidManifest.xml:82:9-85:61
	android:screenOrientation
		ADDED from src\main\AndroidManifest.xml:85:13-49
	android:theme
		ADDED from src\main\AndroidManifest.xml:84:13-48
	android:name
		ADDED from src\main\AndroidManifest.xml:83:13-63
activity#id.tech.htctools.HistoryNotification_Activity
ADDED from src\main\AndroidManifest.xml:86:9-89:61
	android:screenOrientation
		ADDED from src\main\AndroidManifest.xml:89:13-49
	android:theme
		ADDED from src\main\AndroidManifest.xml:88:13-48
	android:name
		ADDED from src\main\AndroidManifest.xml:87:13-73
activity#id.tech.htctools.History_Activity
ADDED from src\main\AndroidManifest.xml:91:10-94:61
	android:screenOrientation
		ADDED from src\main\AndroidManifest.xml:94:13-49
	android:theme
		ADDED from src\main\AndroidManifest.xml:93:13-48
	android:name
		ADDED from src\main\AndroidManifest.xml:92:13-61
activity#id.tech.htctools.InfoToko_Activity
ADDED from src\main\AndroidManifest.xml:96:10-100:61
	android:screenOrientation
		ADDED from src\main\AndroidManifest.xml:100:13-49
	android:windowSoftInputMode
		ADDED from src\main\AndroidManifest.xml:98:13-54
	android:theme
		ADDED from src\main\AndroidManifest.xml:99:13-48
	android:name
		ADDED from src\main\AndroidManifest.xml:97:13-62
activity#id.tech.htctools.InputPenjualanManual_Activity
ADDED from src\main\AndroidManifest.xml:102:9-105:61
	android:screenOrientation
		ADDED from src\main\AndroidManifest.xml:105:13-49
	android:theme
		ADDED from src\main\AndroidManifest.xml:104:13-48
	android:name
		ADDED from src\main\AndroidManifest.xml:103:13-74
activity#id.tech.htctools.InputPenjualanScan_Activity
ADDED from src\main\AndroidManifest.xml:107:10-110:61
	android:screenOrientation
		ADDED from src\main\AndroidManifest.xml:110:13-49
	android:theme
		ADDED from src\main\AndroidManifest.xml:109:13-48
	android:name
		ADDED from src\main\AndroidManifest.xml:108:13-72
activity#id.tech.htctools.UploadImageDialog
ADDED from src\main\AndroidManifest.xml:112:10-114:69
	android:theme
		ADDED from src\main\AndroidManifest.xml:114:13-57
	android:name
		ADDED from src\main\AndroidManifest.xml:113:13-62
activity#id.tech.htctools.DialogHargaProduk
ADDED from src\main\AndroidManifest.xml:115:10-117:69
	android:theme
		ADDED from src\main\AndroidManifest.xml:117:13-57
	android:name
		ADDED from src\main\AndroidManifest.xml:116:13-62
activity#id.tech.htctools.DialogAbsen
ADDED from src\main\AndroidManifest.xml:118:10-120:69
	android:theme
		ADDED from src\main\AndroidManifest.xml:120:13-57
	android:name
		ADDED from src\main\AndroidManifest.xml:119:13-56
activity#id.tech.htctools.DialogPindahToko
ADDED from src\main\AndroidManifest.xml:121:10-123:69
	android:theme
		ADDED from src\main\AndroidManifest.xml:123:13-57
	android:name
		ADDED from src\main\AndroidManifest.xml:122:13-61
activity#id.tech.htctools.DialogFormInputProduk
ADDED from src\main\AndroidManifest.xml:124:10-126:69
	android:theme
		ADDED from src\main\AndroidManifest.xml:126:13-57
	android:name
		ADDED from src\main\AndroidManifest.xml:125:13-66
activity#id.tech.htctools.DialogFormInputProdukImei
ADDED from src\main\AndroidManifest.xml:127:10-129:69
	android:theme
		ADDED from src\main\AndroidManifest.xml:129:13-57
	android:name
		ADDED from src\main\AndroidManifest.xml:128:13-70
activity#id.tech.htctools.DialogFormPenjualanProduk
ADDED from src\main\AndroidManifest.xml:130:10-132:69
	android:theme
		ADDED from src\main\AndroidManifest.xml:132:13-57
	android:name
		ADDED from src\main\AndroidManifest.xml:131:13-70
activity#id.tech.htctools.DialogTambahFoto
ADDED from src\main\AndroidManifest.xml:133:10-135:69
	android:theme
		ADDED from src\main\AndroidManifest.xml:135:13-57
	android:name
		ADDED from src\main\AndroidManifest.xml:134:13-61
activity#id.tech.htctools.DialogTransfer
ADDED from src\main\AndroidManifest.xml:136:10-138:69
	android:theme
		ADDED from src\main\AndroidManifest.xml:138:13-57
	android:name
		ADDED from src\main\AndroidManifest.xml:137:13-59
activity#id.tech.htctools.DialogChooserInputStok
ADDED from src\main\AndroidManifest.xml:139:10-141:69
	android:theme
		ADDED from src\main\AndroidManifest.xml:141:13-57
	android:name
		ADDED from src\main\AndroidManifest.xml:140:13-67
activity#id.tech.htctools.DialogChooserInputPennjualan
ADDED from src\main\AndroidManifest.xml:142:10-144:69
	android:theme
		ADDED from src\main\AndroidManifest.xml:144:13-57
	android:name
		ADDED from src\main\AndroidManifest.xml:143:13-73
activity#id.tech.htctools.DialogLocationConfirmation
ADDED from src\main\AndroidManifest.xml:145:10-148:69
	android:theme
		ADDED from src\main\AndroidManifest.xml:148:13-57
	android:name
		ADDED from src\main\AndroidManifest.xml:146:13-71
activity#id.tech.htctools.Notif_Detail_Activity
ADDED from src\main\AndroidManifest.xml:150:9-152:59
	android:theme
		ADDED from src\main\AndroidManifest.xml:152:13-47
	android:name
		ADDED from src\main\AndroidManifest.xml:151:13-66
activity#id.tech.htctools.ScanAbsen_Activity
ADDED from src\main\AndroidManifest.xml:154:9-155:62
	android:screenOrientation
		ADDED from src\main\AndroidManifest.xml:155:13-50
	android:name
		ADDED from src\main\AndroidManifest.xml:154:19-69
activity#id.tech.htctools.ScanIstirahat_Activity
ADDED from src\main\AndroidManifest.xml:156:9-157:62
	android:screenOrientation
		ADDED from src\main\AndroidManifest.xml:157:13-50
	android:name
		ADDED from src\main\AndroidManifest.xml:156:19-73
activity#id.tech.htctools.ScanPindahToko_Activity
ADDED from src\main\AndroidManifest.xml:158:9-159:62
	android:screenOrientation
		ADDED from src\main\AndroidManifest.xml:159:13-50
	android:name
		ADDED from src\main\AndroidManifest.xml:158:19-74
activity#id.tech.htctools.ScanInputProduk_Activity
ADDED from src\main\AndroidManifest.xml:160:9-161:62
	android:screenOrientation
		ADDED from src\main\AndroidManifest.xml:161:13-50
	android:name
		ADDED from src\main\AndroidManifest.xml:160:19-75
activity#id.tech.htctools.ScanPenjualan_Activity
ADDED from src\main\AndroidManifest.xml:162:9-163:62
	android:screenOrientation
		ADDED from src\main\AndroidManifest.xml:163:13-50
	android:name
		ADDED from src\main\AndroidManifest.xml:162:19-73
service#id.tech.htctools.Notif_Service
ADDED from src\main\AndroidManifest.xml:165:9-166:19
	android:name
		ADDED from src\main\AndroidManifest.xml:165:18-63
receiver#id.tech.htctools.BootCompletedReceiver
ADDED from src\main\AndroidManifest.xml:168:9-176:20
	android:enabled
		ADDED from src\main\AndroidManifest.xml:169:13-35
	android:exported
		ADDED from src\main\AndroidManifest.xml:170:13-36
	android:name
		ADDED from src\main\AndroidManifest.xml:168:19-72
intent-filter#android.intent.action.BOOT_COMPLETED+android.intent.category.LAUNCHER
ADDED from src\main\AndroidManifest.xml:171:13-175:29
action#android.intent.action.BOOT_COMPLETED
ADDED from src\main\AndroidManifest.xml:172:17-79
	android:name
		ADDED from src\main\AndroidManifest.xml:172:25-76
receiver#id.tech.htctools.NotifBroadcastReceiver
ADDED from src\main\AndroidManifest.xml:178:10-182:20
	android:name
		ADDED from src\main\AndroidManifest.xml:178:20-74
intent-filter#android.intent.category.DEFAULT
ADDED from src\main\AndroidManifest.xml:179:13-181:29
category#android.intent.category.DEFAULT
ADDED from src\main\AndroidManifest.xml:180:17-76
	android:name
		ADDED from src\main\AndroidManifest.xml:180:27-73
uses-feature#android.hardware.camera
ADDED from [RCS-SA:libraryAndroidQuickResponseCode:unspecified] AndroidManifest.xml:11:5-60
	android:name
		ADDED from [RCS-SA:libraryAndroidQuickResponseCode:unspecified] AndroidManifest.xml:11:19-57